<?xml version="1.0" encoding="UTF-8"?>
<testng-results skipped="0" failed="0" ignored="0" total="1" passed="1">
  <reporter-output>
  </reporter-output>
  <suite name="Suite" duration-ms="33669" started-at="2020-06-20T17:54:34 IST" finished-at="2020-06-20T17:55:08 IST">
    <groups>
    </groups>
    <test name="Test" duration-ms="33669" started-at="2020-06-20T17:54:34 IST" finished-at="2020-06-20T17:55:08 IST">
      <class name="package2.TestCases">
        <test-method status="PASS" signature="UrlLaunch()[pri:0, instance:package2.TestCases@47ef968d]" name="UrlLaunch" is-config="true" duration-ms="15551" started-at="2020-06-20T17:54:34 IST" finished-at="2020-06-20T17:54:49 IST">
          <reporter-output>
          </reporter-output>
        </test-method> <!-- UrlLaunch -->
        <test-method status="PASS" signature="TestC()[pri:0, instance:package2.TestCases@47ef968d]" name="TestC" duration-ms="17921" started-at="2020-06-20T17:54:50 IST" finished-at="2020-06-20T17:55:07 IST">
          <reporter-output>
          </reporter-output>
        </test-method> <!-- TestC -->
      </class> <!-- package2.TestCases -->
    </test> <!-- Test -->
  </suite> <!-- Suite -->
</testng-results>
