<?xml version="1.0" encoding="UTF-8"?>
<testsuite xmlns:xsi="http://www.w3.org/2001/XMLSchema-instance" xsi:noNamespaceSchemaLocation="https://maven.apache.org/surefire/maven-surefire-plugin/xsd/surefire-test-report-3.0.xsd" version="3.0" name="TestSuite" time="36.021" tests="1" errors="0" skipped="0" failures="0">
  <properties>
[...]
</properties>
  <testcase name="TestC" classname="package2.TestCases" time="17.802">
    <system-out><![CDATA[Verified that desired product page is open = true
Cart button, Number of Item and price is getting reflected = true
link ‘Phones & PDAs’ is displayed on page = true
number of products getting displayed on page against the stored count is same
previous cart item = 2 item(s) - $245.20
updated item count and price on Cart button, is getting reflected = true
true
true
true
true
Previous quantity is = 1
Verified Shopping cart modification success message
New quantity is = 2
New Quantity is updated
Verified the cart is updated and Removed product is not listed in cart
New cart items = 2 item(s) - $244.00
The Cart button is updated with new item count and price
]]></system-out>
    <system-err><![CDATA[SLF4J: Failed to load class "org.slf4j.impl.StaticLoggerBinder".
SLF4J: Defaulting to no-operation (NOP) logger implementation
SLF4J: See http://www.slf4j.org/codes.html#StaticLoggerBinder for further details.
Starting ChromeDriver 83.0.4103.39 (ccbf011cb2d2b19b506d844400483861342c20cd-refs/branch-heads/4103@{#416}) on port 38097
Only local connections are allowed.
Please see https://chromedriver.chromium.org/security-considerations for suggestions on keeping ChromeDriver safe.
ChromeDriver was started successfully.
Jun 20, 2020 5:54:42 PM org.openqa.selenium.remote.ProtocolHandshake createSession
INFO: Detected dialect: W3C
]]></system-err>
  </testcase>
</testsuite>