<?xml version="1.0" encoding="UTF-8"?>
<testng-results skipped="0" failed="0" ignored="0" total="1" passed="1">
  <reporter-output>
  </reporter-output>
  <suite name="Suite" duration-ms="28561" started-at="2020-06-20T12:27:03 IST" finished-at="2020-06-20T12:27:32 IST">
    <groups>
    </groups>
    <test name="Test" duration-ms="28561" started-at="2020-06-20T12:27:03 IST" finished-at="2020-06-20T12:27:32 IST">
      <class name="package2.TestCases">
        <test-method status="PASS" signature="UrlLaunch()[pri:0, instance:package2.TestCases@4493d195]" name="UrlLaunch" is-config="true" duration-ms="12223" started-at="2020-06-20T12:27:03 IST" finished-at="2020-06-20T12:27:15 IST">
          <reporter-output>
          </reporter-output>
        </test-method> <!-- UrlLaunch -->
        <test-method status="PASS" signature="TestC()[pri:0, instance:package2.TestCases@4493d195]" name="TestC" duration-ms="16227" started-at="2020-06-20T12:27:15 IST" finished-at="2020-06-20T12:27:32 IST">
          <reporter-output>
          </reporter-output>
        </test-method> <!-- TestC -->
      </class> <!-- package2.TestCases -->
    </test> <!-- Test -->
  </suite> <!-- Suite -->
</testng-results>
